<?xml version="1.0" encoding="UTF-8"?>
<testsuite name="com.ceos18.springboot.user.repository.UserRepositoryTest" tests="1" skipped="0" failures="0" errors="0" timestamp="2023-09-26T16:05:56" hostname="user.local" time="1.251">
  <properties/>
  <testcase name="testUserRepository()" classname="com.ceos18.springboot.user.repository.UserRepositoryTest" time="1.251"/>
  <system-out><![CDATA[01:05:50.140 [Test worker] INFO org.springframework.test.context.support.AnnotationConfigContextLoaderUtils -- Could not detect default configuration classes for test class [com.ceos18.springboot.user.repository.UserRepositoryTest]: UserRepositoryTest does not declare any static, non-private, non-final, nested classes annotated with @Configuration.
01:05:50.388 [Test worker] INFO org.springframework.boot.test.context.SpringBootTestContextBootstrapper -- Found @SpringBootConfiguration com.ceos18.springboot.Application for test class com.ceos18.springboot.user.repository.UserRepositoryTest

  .   ____          _            __ _ _
 /\\ / ___'_ __ _ _(_)_ __  __ _ \ \ \ \
( ( )\___ | '_ | '_| | '_ \/ _` | \ \ \ \
 \\/  ___)| |_)| | | | | || (_| |  ) ) ) )
  '  |____| .__|_| |_|_| |_\__, | / / / /
 =========|_|==============|___/=/_/_/_/
?[32m :: Spring Boot :: ?[39m              ?[2m (v3.1.1)?[0;39m

?[2m2023-09-27T01:05:51.295+09:00?[0;39m ?[32m INFO?[0;39m ?[35m5936?[0;39m ?[2m---?[0;39m ?[2m[    Test worker]?[0;39m ?[36mc.c.s.u.repository.UserRepositoryTest   ?[0;39m ?[2m:?[0;39m Starting UserRepositoryTest using Java 17.0.7 with PID 5936 (started by yewon in /Users/yewon/karrot-clone)
?[2m2023-09-27T01:05:51.298+09:00?[0;39m ?[32m INFO?[0;39m ?[35m5936?[0;39m ?[2m---?[0;39m ?[2m[    Test worker]?[0;39m ?[36mc.c.s.u.repository.UserRepositoryTest   ?[0;39m ?[2m:?[0;39m No active profile set, falling back to 1 default profile: "default"
?[2m2023-09-27T01:05:51.952+09:00?[0;39m ?[32m INFO?[0;39m ?[35m5936?[0;39m ?[2m---?[0;39m ?[2m[    Test worker]?[0;39m ?[36m.s.d.r.c.RepositoryConfigurationDelegate?[0;39m ?[2m:?[0;39m Bootstrapping Spring Data JPA repositories in DEFAULT mode.
?[2m2023-09-27T01:05:52.031+09:00?[0;39m ?[32m INFO?[0;39m ?[35m5936?[0;39m ?[2m---?[0;39m ?[2m[    Test worker]?[0;39m ?[36m.s.d.r.c.RepositoryConfigurationDelegate?[0;39m ?[2m:?[0;39m Finished Spring Data repository scanning in 70 ms. Found 1 JPA repository interfaces.
?[2m2023-09-27T01:05:52.790+09:00?[0;39m ?[32m INFO?[0;39m ?[35m5936?[0;39m ?[2m---?[0;39m ?[2m[    Test worker]?[0;39m ?[36mo.hibernate.jpa.internal.util.LogHelper ?[0;39m ?[2m:?[0;39m HHH000204: Processing PersistenceUnitInfo [name: default]
?[2m2023-09-27T01:05:52.880+09:00?[0;39m ?[32m INFO?[0;39m ?[35m5936?[0;39m ?[2m---?[0;39m ?[2m[    Test worker]?[0;39m ?[36morg.hibernate.Version                   ?[0;39m ?[2m:?[0;39m HHH000412: Hibernate ORM core version 6.2.5.Final
?[2m2023-09-27T01:05:52.886+09:00?[0;39m ?[32m INFO?[0;39m ?[35m5936?[0;39m ?[2m---?[0;39m ?[2m[    Test worker]?[0;39m ?[36morg.hibernate.cfg.Environment           ?[0;39m ?[2m:?[0;39m HHH000406: Using bytecode reflection optimizer
?[2m2023-09-27T01:05:53.067+09:00?[0;39m ?[32m INFO?[0;39m ?[35m5936?[0;39m ?[2m---?[0;39m ?[2m[    Test worker]?[0;39m ?[36mo.h.b.i.BytecodeProviderInitiator       ?[0;39m ?[2m:?[0;39m HHH000021: Bytecode provider name : bytebuddy
?[2m2023-09-27T01:05:53.272+09:00?[0;39m ?[32m INFO?[0;39m ?[35m5936?[0;39m ?[2m---?[0;39m ?[2m[    Test worker]?[0;39m ?[36mo.s.o.j.p.SpringPersistenceUnitInfo     ?[0;39m ?[2m:?[0;39m No LoadTimeWeaver setup: ignoring JPA class transformer
?[2m2023-09-27T01:05:53.293+09:00?[0;39m ?[32m INFO?[0;39m ?[35m5936?[0;39m ?[2m---?[0;39m ?[2m[    Test worker]?[0;39m ?[36mcom.zaxxer.hikari.HikariDataSource      ?[0;39m ?[2m:?[0;39m HikariPool-1 - Starting...
?[2m2023-09-27T01:05:53.747+09:00?[0;39m ?[32m INFO?[0;39m ?[35m5936?[0;39m ?[2m---?[0;39m ?[2m[    Test worker]?[0;39m ?[36mcom.zaxxer.hikari.pool.HikariPool       ?[0;39m ?[2m:?[0;39m HikariPool-1 - Added connection com.mysql.cj.jdbc.ConnectionImpl@7fc7152e
?[2m2023-09-27T01:05:53.750+09:00?[0;39m ?[32m INFO?[0;39m ?[35m5936?[0;39m ?[2m---?[0;39m ?[2m[    Test worker]?[0;39m ?[36mcom.zaxxer.hikari.HikariDataSource      ?[0;39m ?[2m:?[0;39m HikariPool-1 - Start completed.
?[2m2023-09-27T01:05:53.815+09:00?[0;39m ?[33m WARN?[0;39m ?[35m5936?[0;39m ?[2m---?[0;39m ?[2m[    Test worker]?[0;39m ?[36morg.hibernate.orm.deprecation           ?[0;39m ?[2m:?[0;39m HHH90000026: MySQL8Dialect has been deprecated; use org.hibernate.dialect.MySQLDialect instead
?[2m2023-09-27T01:05:54.283+09:00?[0;39m ?[32m INFO?[0;39m ?[35m5936?[0;39m ?[2m---?[0;39m ?[2m[    Test worker]?[0;39m ?[36mo.h.b.i.BytecodeProviderInitiator       ?[0;39m ?[2m:?[0;39m HHH000021: Bytecode provider name : bytebuddy
?[2m2023-09-27T01:05:55.429+09:00?[0;39m ?[32m INFO?[0;39m ?[35m5936?[0;39m ?[2m---?[0;39m ?[2m[    Test worker]?[0;39m ?[36mo.h.e.t.j.p.i.JtaPlatformInitiator      ?[0;39m ?[2m:?[0;39m HHH000490: Using JtaPlatform implementation: [org.hibernate.engine.transaction.jta.platform.internal.NoJtaPlatform]
?[2m2023-09-27T01:05:55.457+09:00?[0;39m ?[32mDEBUG?[0;39m ?[35m5936?[0;39m ?[2m---?[0;39m ?[2m[    Test worker]?[0;39m ?[36morg.hibernate.SQL                       ?[0;39m ?[2m:?[0;39m 
    alter table post 
       drop 
       foreign key FK72mt33dhhs48hf9gcqrq4fxte
Hibernate: 
    alter table post 
       drop 
       foreign key FK72mt33dhhs48hf9gcqrq4fxte
?[2m2023-09-27T01:05:55.492+09:00?[0;39m ?[32mDEBUG?[0;39m ?[35m5936?[0;39m ?[2m---?[0;39m ?[2m[    Test worker]?[0;39m ?[36morg.hibernate.SQL                       ?[0;39m ?[2m:?[0;39m 
    alter table wishlist 
       drop 
       foreign key FKceor61aistecmo62mqb8b8dgd
Hibernate: 
    alter table wishlist 
       drop 
       foreign key FKceor61aistecmo62mqb8b8dgd
?[2m2023-09-27T01:05:55.508+09:00?[0;39m ?[32mDEBUG?[0;39m ?[35m5936?[0;39m ?[2m---?[0;39m ?[2m[    Test worker]?[0;39m ?[36morg.hibernate.SQL                       ?[0;39m ?[2m:?[0;39m 
    alter table wishlist 
       drop 
       foreign key FKd4r80jm8s41fgoa0xv9yy5lo8
Hibernate: 
    alter table wishlist 
       drop 
       foreign key FKd4r80jm8s41fgoa0xv9yy5lo8
?[2m2023-09-27T01:05:55.524+09:00?[0;39m ?[32mDEBUG?[0;39m ?[35m5936?[0;39m ?[2m---?[0;39m ?[2m[    Test worker]?[0;39m ?[36morg.hibernate.SQL                       ?[0;39m ?[2m:?[0;39m 
    drop table if exists post
Hibernate: 
    drop table if exists post
?[2m2023-09-27T01:05:55.540+09:00?[0;39m ?[32mDEBUG?[0;39m ?[35m5936?[0;39m ?[2m---?[0;39m ?[2m[    Test worker]?[0;39m ?[36morg.hibernate.SQL                       ?[0;39m ?[2m:?[0;39m 
    drop table if exists user
Hibernate: 
    drop table if exists user
?[2m2023-09-27T01:05:55.553+09:00?[0;39m ?[32mDEBUG?[0;39m ?[35m5936?[0;39m ?[2m---?[0;39m ?[2m[    Test worker]?[0;39m ?[36morg.hibernate.SQL                       ?[0;39m ?[2m:?[0;39m 
    drop table if exists wishlist
Hibernate: 
    drop table if exists wishlist
?[2m2023-09-27T01:05:55.572+09:00?[0;39m ?[32mDEBUG?[0;39m ?[35m5936?[0;39m ?[2m---?[0;39m ?[2m[    Test worker]?[0;39m ?[36morg.hibernate.SQL                       ?[0;39m ?[2m:?[0;39m 
    create table post (
        category_id integer not null,
        cost integer,
        has_price_proposal bit,
        post_id integer not null auto_increment,
        town_id integer not null,
        user_id integer not null,
        created datetime(6) not null,
        updated datetime(6) not null,
        status varchar(10) not null,
        content varchar(255) not null,
        deal_method enum ('SELL','SHARE') not null,
        product_image varchar(255),
        title varchar(255) not null,
        primary key (post_id)
    ) engine=InnoDB
Hibernate: 
    create table post (
        category_id integer not null,
        cost integer,
        has_price_proposal bit,
        post_id integer not null auto_increment,
        town_id integer not null,
        user_id integer not null,
        created datetime(6) not null,
        updated datetime(6) not null,
        status varchar(10) not null,
        content varchar(255) not null,
        deal_method enum ('SELL','SHARE') not null,
        product_image varchar(255),
        title varchar(255) not null,
        primary key (post_id)
    ) engine=InnoDB
?[2m2023-09-27T01:05:55.606+09:00?[0;39m ?[32mDEBUG?[0;39m ?[35m5936?[0;39m ?[2m---?[0;39m ?[2m[    Test worker]?[0;39m ?[36morg.hibernate.SQL                       ?[0;39m ?[2m:?[0;39m 
    create table user (
        temperature decimal(38,2) not null,
        user_id integer not null auto_increment,
        created datetime(6) not null,
        updated datetime(6) not null,
        email varchar(255),
        img_url varchar(255),
        nickname varchar(255) not null,
        password varchar(255) not null,
        phone varchar(255) not null,
        primary key (user_id)
    ) engine=InnoDB
Hibernate: 
    create table user (
        temperature decimal(38,2) not null,
        user_id integer not null auto_increment,
        created datetime(6) not null,
        updated datetime(6) not null,
        email varchar(255),
        img_url varchar(255),
        nickname varchar(255) not null,
        password varchar(255) not null,
        phone varchar(255) not null,
        primary key (user_id)
    ) engine=InnoDB
?[2m2023-09-27T01:05:55.644+09:00?[0;39m ?[32mDEBUG?[0;39m ?[35m5936?[0;39m ?[2m---?[0;39m ?[2m[    Test worker]?[0;39m ?[36morg.hibernate.SQL                       ?[0;39m ?[2m:?[0;39m 
    create table wishlist (
        post_id integer not null,
        user_id integer not null,
        wishlist_id integer not null auto_increment,
        created datetime(6) not null,
        updated datetime(6) not null,
        status varchar(10) not null,
        primary key (wishlist_id)
    ) engine=InnoDB
Hibernate: 
    create table wishlist (
        post_id integer not null,
        user_id integer not null,
        wishlist_id integer not null auto_increment,
        created datetime(6) not null,
        updated datetime(6) not null,
        status varchar(10) not null,
        primary key (wishlist_id)
    ) engine=InnoDB
?[2m2023-09-27T01:05:55.665+09:00?[0;39m ?[32mDEBUG?[0;39m ?[35m5936?[0;39m ?[2m---?[0;39m ?[2m[    Test worker]?[0;39m ?[36morg.hibernate.SQL                       ?[0;39m ?[2m:?[0;39m 
    alter table post 
       add constraint FK72mt33dhhs48hf9gcqrq4fxte 
       foreign key (user_id) 
       references user (user_id)
Hibernate: 
    alter table post 
       add constraint FK72mt33dhhs48hf9gcqrq4fxte 
       foreign key (user_id) 
       references user (user_id)
?[2m2023-09-27T01:05:55.712+09:00?[0;39m ?[32mDEBUG?[0;39m ?[35m5936?[0;39m ?[2m---?[0;39m ?[2m[    Test worker]?[0;39m ?[36morg.hibernate.SQL                       ?[0;39m ?[2m:?[0;39m 
    alter table wishlist 
       add constraint FKceor61aistecmo62mqb8b8dgd 
       foreign key (post_id) 
       references post (post_id)
Hibernate: 
    alter table wishlist 
       add constraint FKceor61aistecmo62mqb8b8dgd 
       foreign key (post_id) 
       references post (post_id)
?[2m2023-09-27T01:05:55.751+09:00?[0;39m ?[32mDEBUG?[0;39m ?[35m5936?[0;39m ?[2m---?[0;39m ?[2m[    Test worker]?[0;39m ?[36morg.hibernate.SQL                       ?[0;39m ?[2m:?[0;39m 
    alter table wishlist 
       add constraint FKd4r80jm8s41fgoa0xv9yy5lo8 
       foreign key (user_id) 
       references user (user_id)
Hibernate: 
    alter table wishlist 
       add constraint FKd4r80jm8s41fgoa0xv9yy5lo8 
       foreign key (user_id) 
       references user (user_id)
?[2m2023-09-27T01:05:55.804+09:00?[0;39m ?[32m INFO?[0;39m ?[35m5936?[0;39m ?[2m---?[0;39m ?[2m[    Test worker]?[0;39m ?[36mj.LocalContainerEntityManagerFactoryBean?[0;39m ?[2m:?[0;39m Initialized JPA EntityManagerFactory for persistence unit 'default'
?[2m2023-09-27T01:05:56.706+09:00?[0;39m ?[32m INFO?[0;39m ?[35m5936?[0;39m ?[2m---?[0;39m ?[2m[    Test worker]?[0;39m ?[36mc.c.s.u.repository.UserRepositoryTest   ?[0;39m ?[2m:?[0;39m Started UserRepositoryTest in 6.18 seconds (process running for 8.603)
?[2m2023-09-27T01:05:57.506+09:00?[0;39m ?[32mDEBUG?[0;39m ?[35m5936?[0;39m ?[2m---?[0;39m ?[2m[    Test worker]?[0;39m ?[36morg.hibernate.SQL                       ?[0;39m ?[2m:?[0;39m 
    insert 
    into
        user
        (created,email,img_url,nickname,password,phone,temperature,updated) 
    values
        (?,?,?,?,?,?,?,?)
Hibernate: 
    insert 
    into
        user
        (created,email,img_url,nickname,password,phone,temperature,updated) 
    values
        (?,?,?,?,?,?,?,?)
?[2m2023-09-27T01:05:57.549+09:00?[0;39m ?[32mDEBUG?[0;39m ?[35m5936?[0;39m ?[2m---?[0;39m ?[2m[    Test worker]?[0;39m ?[36morg.hibernate.SQL                       ?[0;39m ?[2m:?[0;39m 
    insert 
    into
        user
        (created,email,img_url,nickname,password,phone,temperature,updated) 
    values
        (?,?,?,?,?,?,?,?)
Hibernate: 
    insert 
    into
        user
        (created,email,img_url,nickname,password,phone,temperature,updated) 
    values
        (?,?,?,?,?,?,?,?)
?[2m2023-09-27T01:05:57.555+09:00?[0;39m ?[32mDEBUG?[0;39m ?[35m5936?[0;39m ?[2m---?[0;39m ?[2m[    Test worker]?[0;39m ?[36morg.hibernate.SQL                       ?[0;39m ?[2m:?[0;39m 
    insert 
    into
        user
        (created,email,img_url,nickname,password,phone,temperature,updated) 
    values
        (?,?,?,?,?,?,?,?)
Hibernate: 
    insert 
    into
        user
        (created,email,img_url,nickname,password,phone,temperature,updated) 
    values
        (?,?,?,?,?,?,?,?)
?[2m2023-09-27T01:05:57.671+09:00?[0;39m ?[32mDEBUG?[0;39m ?[35m5936?[0;39m ?[2m---?[0;39m ?[2m[    Test worker]?[0;39m ?[36morg.hibernate.SQL                       ?[0;39m ?[2m:?[0;39m 
    select
        u1_0.user_id,
        u1_0.created,
        u1_0.email,
        u1_0.img_url,
        u1_0.nickname,
        u1_0.password,
        u1_0.phone,
        u1_0.temperature,
        u1_0.updated 
    from
        user u1_0
Hibernate: 
    select
        u1_0.user_id,
        u1_0.created,
        u1_0.email,
        u1_0.img_url,
        u1_0.nickname,
        u1_0.password,
        u1_0.phone,
        u1_0.temperature,
        u1_0.updated 
    from
        user u1_0
?[2m2023-09-27T01:05:57.878+09:00?[0;39m ?[32mDEBUG?[0;39m ?[35m5936?[0;39m ?[2m---?[0;39m ?[2m[    Test worker]?[0;39m ?[36morg.hibernate.SQL                       ?[0;39m ?[2m:?[0;39m 
    select
        u1_0.user_id,
        u1_0.created,
        u1_0.email,
        u1_0.img_url,
        u1_0.nickname,
        u1_0.password,
        u1_0.phone,
        u1_0.temperature,
        u1_0.updated 
    from
        user u1_0 
    where
        u1_0.nickname=?
Hibernate: 
    select
        u1_0.user_id,
        u1_0.created,
        u1_0.email,
        u1_0.img_url,
        u1_0.nickname,
        u1_0.password,
        u1_0.phone,
        u1_0.temperature,
        u1_0.updated 
    from
        user u1_0 
    where
        u1_0.nickname=?
?[2m2023-09-27T01:05:57.897+09:00?[0;39m ?[32mDEBUG?[0;39m ?[35m5936?[0;39m ?[2m---?[0;39m ?[2m[    Test worker]?[0;39m ?[36morg.hibernate.SQL                       ?[0;39m ?[2m:?[0;39m 
    select
        u1_0.user_id,
        u1_0.created,
        u1_0.email,
        u1_0.img_url,
        u1_0.nickname,
        u1_0.password,
        u1_0.phone,
        u1_0.temperature,
        u1_0.updated 
    from
        user u1_0 
    where
        u1_0.email=?
Hibernate: 
    select
        u1_0.user_id,
        u1_0.created,
        u1_0.email,
        u1_0.img_url,
        u1_0.nickname,
        u1_0.password,
        u1_0.phone,
        u1_0.temperature,
        u1_0.updated 
    from
        user u1_0 
    where
        u1_0.email=?
?[2m2023-09-27T01:05:57.913+09:00?[0;39m ?[32mDEBUG?[0;39m ?[35m5936?[0;39m ?[2m---?[0;39m ?[2m[    Test worker]?[0;39m ?[36morg.hibernate.SQL                       ?[0;39m ?[2m:?[0;39m 
    select
        u1_0.user_id 
    from
        user u1_0 
    where
        u1_0.email=? limit ?
Hibernate: 
    select
        u1_0.user_id 
    from
        user u1_0 
    where
        u1_0.email=? limit ?
?[2m2023-09-27T01:05:57.921+09:00?[0;39m ?[32mDEBUG?[0;39m ?[35m5936?[0;39m ?[2m---?[0;39m ?[2m[    Test worker]?[0;39m ?[36morg.hibernate.SQL                       ?[0;39m ?[2m:?[0;39m 
    select
        u1_0.user_id 
    from
        user u1_0 
    where
        u1_0.nickname=? limit ?
Hibernate: 
    select
        u1_0.user_id 
    from
        user u1_0 
    where
        u1_0.nickname=? limit ?
?[2m2023-09-27T01:05:57.927+09:00?[0;39m ?[32m INFO?[0;39m ?[35m5936?[0;39m ?[2m---?[0;39m ?[2m[    Test worker]?[0;39m ?[36mc.c.s.u.repository.UserRepositoryTest   ?[0;39m ?[2m:?[0;39m 저장된 유저들:
?[2m2023-09-27T01:05:57.928+09:00?[0;39m ?[32m INFO?[0;39m ?[35m5936?[0;39m ?[2m---?[0;39m ?[2m[    Test worker]?[0;39m ?[36mc.c.s.u.repository.UserRepositoryTest   ?[0;39m ?[2m:?[0;39m User ID: 1, Nickname: 마이멜로디, Email: mymelody@gmail.com
?[2m2023-09-27T01:05:57.930+09:00?[0;39m ?[32m INFO?[0;39m ?[35m5936?[0;39m ?[2m---?[0;39m ?[2m[    Test worker]?[0;39m ?[36mc.c.s.u.repository.UserRepositoryTest   ?[0;39m ?[2m:?[0;39m User ID: 2, Nickname: 쿠로미, Email: kurooooo@gmail.com
?[2m2023-09-27T01:05:57.930+09:00?[0;39m ?[32m INFO?[0;39m ?[35m5936?[0;39m ?[2m---?[0;39m ?[2m[    Test worker]?[0;39m ?[36mc.c.s.u.repository.UserRepositoryTest   ?[0;39m ?[2m:?[0;39m User ID: 3, Nickname: 키티, Email: kitty@gmail.com
?[2m2023-09-27T01:05:57.932+09:00?[0;39m ?[32m INFO?[0;39m ?[35m5936?[0;39m ?[2m---?[0;39m ?[2m[    Test worker]?[0;39m ?[36mc.c.s.u.repository.UserRepositoryTest   ?[0;39m ?[2m:?[0;39m Found User1: ID=2, Nickname=쿠로미, Email=kurooooo@gmail.com
?[2m2023-09-27T01:05:57.935+09:00?[0;39m ?[32m INFO?[0;39m ?[35m5936?[0;39m ?[2m---?[0;39m ?[2m[    Test worker]?[0;39m ?[36mc.c.s.u.repository.UserRepositoryTest   ?[0;39m ?[2m:?[0;39m Found User2: ID=1, Nickname=마이멜로디, Email=mymelody@gmail.com
?[2m2023-09-27T01:05:57.935+09:00?[0;39m ?[32m INFO?[0;39m ?[35m5936?[0;39m ?[2m---?[0;39m ?[2m[    Test worker]?[0;39m ?[36mc.c.s.u.repository.UserRepositoryTest   ?[0;39m ?[2m:?[0;39m Email exists: true
?[2m2023-09-27T01:05:57.938+09:00?[0;39m ?[32m INFO?[0;39m ?[35m5936?[0;39m ?[2m---?[0;39m ?[2m[    Test worker]?[0;39m ?[36mc.c.s.u.repository.UserRepositoryTest   ?[0;39m ?[2m:?[0;39m Nickname exists: true
]]></system-out>
  <system-err><![CDATA[]]></system-err>
</testsuite>
